{"/home/rachael/Documents/TheJituCohort/cohort17/tdd/Config/config.js": {"path":"/home/rachael/Documents/TheJituCohort/cohort17/tdd/Config/config.js","statementMap":{"0":{"start":{"line":3,"column":0},"end":{"line":3,"column":16}},"1":{"start":{"line":5,"column":18},"end":{"line":15,"column":1}}},"fnMap":{},"branchMap":{},"s":{"0":1,"1":1},"f":{},"b":{},"_coverageSchema":"1a1c01bbd47fc00a2c39e90264f33305004495a9","hash":"99b3e30fae201a7ec2e47831db96aa81e89ac485"}
,"/home/rachael/Documents/TheJituCohort/cohort17/tdd/Controllers/studentsfees.controllers.js": {"path":"/home/rachael/Documents/TheJituCohort/cohort17/tdd/Controllers/studentsfees.controllers.js","statementMap":{"0":{"start":{"line":6,"column":23},"end":{"line":35,"column":1}},"1":{"start":{"line":7,"column":4},"end":{"line":33,"column":5}},"2":{"start":{"line":8,"column":19},"end":{"line":8,"column":23}},"3":{"start":{"line":9,"column":36},"end":{"line":9,"column":44}},"4":{"start":{"line":11,"column":21},"end":{"line":11,"column":51}},"5":{"start":{"line":13,"column":8},"end":{"line":30,"column":5}},"6":{"start":{"line":14,"column":27},"end":{"line":19,"column":42}},"7":{"start":{"line":21,"column":12},"end":{"line":29,"column":9}},"8":{"start":{"line":22,"column":16},"end":{"line":24,"column":18}},"9":{"start":{"line":26,"column":16},"end":{"line":28,"column":18}},"10":{"start":{"line":32,"column":8},"end":{"line":32,"column":32}},"11":{"start":{"line":37,"column":21},"end":{"line":47,"column":1}},"12":{"start":{"line":38,"column":4},"end":{"line":46,"column":5}},"13":{"start":{"line":39,"column":21},"end":{"line":39,"column":51}},"14":{"start":{"line":41,"column":28},"end":{"line":41,"column":87}},"15":{"start":{"line":43,"column":8},"end":{"line":43,"column":60}},"16":{"start":{"line":45,"column":8},"end":{"line":45,"column":32}},"17":{"start":{"line":49,"column":23},"end":{"line":62,"column":1}},"18":{"start":{"line":50,"column":4},"end":{"line":61,"column":5}},"19":{"start":{"line":51,"column":21},"end":{"line":51,"column":31}},"20":{"start":{"line":53,"column":21},"end":{"line":53,"column":51}},"21":{"start":{"line":55,"column":25},"end":{"line":55,"column":103}},"22":{"start":{"line":57,"column":7},"end":{"line":57,"column":46}},"23":{"start":{"line":60,"column":8},"end":{"line":60,"column":32}},"24":{"start":{"line":64,"column":20},"end":{"line":89,"column":1}},"25":{"start":{"line":65,"column":4},"end":{"line":88,"column":5}},"26":{"start":{"line":66,"column":21},"end":{"line":66,"column":31}},"27":{"start":{"line":68,"column":29},"end":{"line":68,"column":37}},"28":{"start":{"line":70,"column":21},"end":{"line":70,"column":51}},"29":{"start":{"line":72,"column":24},"end":{"line":75,"column":34}},"30":{"start":{"line":77,"column":8},"end":{"line":85,"column":9}},"31":{"start":{"line":78,"column":12},"end":{"line":80,"column":14}},"32":{"start":{"line":82,"column":12},"end":{"line":84,"column":14}},"33":{"start":{"line":87,"column":8},"end":{"line":87,"column":32}},"34":{"start":{"line":91,"column":23},"end":{"line":113,"column":1}},"35":{"start":{"line":92,"column":4},"end":{"line":112,"column":5}},"36":{"start":{"line":93,"column":21},"end":{"line":93,"column":31}},"37":{"start":{"line":95,"column":21},"end":{"line":95,"column":51}},"38":{"start":{"line":97,"column":24},"end":{"line":99,"column":37}},"39":{"start":{"line":101,"column":8},"end":{"line":109,"column":9}},"40":{"start":{"line":102,"column":12},"end":{"line":104,"column":14}},"41":{"start":{"line":106,"column":12},"end":{"line":108,"column":14}},"42":{"start":{"line":111,"column":8},"end":{"line":111,"column":32}}},"fnMap":{"0":{"name":"(anonymous_0)","decl":{"start":{"line":6,"column":23},"end":{"line":6,"column":24}},"loc":{"start":{"line":6,"column":40},"end":{"line":35,"column":1}},"line":6},"1":{"name":"(anonymous_1)","decl":{"start":{"line":37,"column":21},"end":{"line":37,"column":22}},"loc":{"start":{"line":37,"column":38},"end":{"line":47,"column":1}},"line":37},"2":{"name":"(anonymous_2)","decl":{"start":{"line":49,"column":23},"end":{"line":49,"column":24}},"loc":{"start":{"line":49,"column":40},"end":{"line":62,"column":1}},"line":49},"3":{"name":"(anonymous_3)","decl":{"start":{"line":64,"column":20},"end":{"line":64,"column":21}},"loc":{"start":{"line":64,"column":37},"end":{"line":89,"column":1}},"line":64},"4":{"name":"(anonymous_4)","decl":{"start":{"line":91,"column":23},"end":{"line":91,"column":24}},"loc":{"start":{"line":91,"column":40},"end":{"line":113,"column":1}},"line":91}},"branchMap":{"0":{"loc":{"start":{"line":13,"column":8},"end":{"line":30,"column":5}},"type":"if","locations":[{"start":{"line":13,"column":8},"end":{"line":30,"column":5}},{"start":{},"end":{}}],"line":13},"1":{"loc":{"start":{"line":21,"column":12},"end":{"line":29,"column":9}},"type":"if","locations":[{"start":{"line":21,"column":12},"end":{"line":29,"column":9}},{"start":{"line":25,"column":17},"end":{"line":29,"column":9}}],"line":21},"2":{"loc":{"start":{"line":77,"column":8},"end":{"line":85,"column":9}},"type":"if","locations":[{"start":{"line":77,"column":8},"end":{"line":85,"column":9}},{"start":{"line":81,"column":13},"end":{"line":85,"column":9}}],"line":77},"3":{"loc":{"start":{"line":101,"column":8},"end":{"line":109,"column":9}},"type":"if","locations":[{"start":{"line":101,"column":8},"end":{"line":109,"column":9}},{"start":{"line":105,"column":13},"end":{"line":109,"column":9}}],"line":101}},"s":{"0":1,"1":2,"2":2,"3":2,"4":2,"5":2,"6":0,"7":0,"8":0,"9":0,"10":0,"11":1,"12":2,"13":2,"14":1,"15":1,"16":1,"17":1,"18":2,"19":2,"20":2,"21":2,"22":2,"23":0,"24":1,"25":2,"26":2,"27":0,"28":0,"29":0,"30":0,"31":0,"32":0,"33":2,"34":1,"35":2,"36":2,"37":2,"38":2,"39":2,"40":1,"41":1,"42":0},"f":{"0":2,"1":2,"2":2,"3":2,"4":2},"b":{"0":[0,2],"1":[0,0],"2":[0,0],"3":[1,1]},"_coverageSchema":"1a1c01bbd47fc00a2c39e90264f33305004495a9","hash":"99500dbdc51f656e37224b4ab91436ff96a71b02"}
}
