TN:
SF:Config/config.js
FNF:0
FNH:0
DA:3,1
DA:5,1
LF:2
LH:2
BRF:0
BRH:0
end_of_record
TN:
SF:Controllers/studentsfees.controllers.js
FN:6,(anonymous_0)
FN:37,(anonymous_1)
FN:49,(anonymous_2)
FN:64,(anonymous_3)
FN:91,(anonymous_4)
FNF:5
FNH:5
FNDA:2,(anonymous_0)
FNDA:2,(anonymous_1)
FNDA:2,(anonymous_2)
FNDA:2,(anonymous_3)
FNDA:2,(anonymous_4)
DA:6,1
DA:7,2
DA:8,2
DA:9,2
DA:11,2
DA:13,2
DA:14,0
DA:21,0
DA:22,0
DA:26,0
DA:32,0
DA:37,1
DA:38,2
DA:39,2
DA:41,1
DA:43,1
DA:45,1
DA:49,1
DA:50,2
DA:51,2
DA:53,2
DA:55,2
DA:57,2
DA:60,0
DA:64,1
DA:65,2
DA:66,2
DA:68,0
DA:70,0
DA:72,0
DA:77,0
DA:78,0
DA:82,0
DA:87,2
DA:91,1
DA:92,2
DA:93,2
DA:95,2
DA:97,2
DA:101,2
DA:102,1
DA:106,1
DA:111,0
LF:43
LH:30
BRDA:13,0,0,0
BRDA:13,0,1,2
BRDA:21,1,0,0
BRDA:21,1,1,0
BRDA:77,2,0,0
BRDA:77,2,1,0
BRDA:101,3,0,1
BRDA:101,3,1,1
BRF:8
BRH:3
end_of_record
