TN:
SF:Config/config.js
FNF:0
FNH:0
DA:3,1
DA:5,1
LF:2
LH:2
BRF:0
BRH:0
end_of_record
TN:
SF:Controllers/studentsfees.controllers.js
FN:6,(anonymous_0)
FN:37,(anonymous_1)
FN:49,(anonymous_2)
FN:63,(anonymous_3)
FN:90,(anonymous_4)
FNF:5
FNH:5
FNDA:2,(anonymous_0)
FNDA:2,(anonymous_1)
FNDA:2,(anonymous_2)
FNDA:2,(anonymous_3)
FNDA:2,(anonymous_4)
DA:6,1
DA:7,2
DA:8,2
DA:9,2
DA:11,2
DA:13,2
DA:14,0
DA:21,0
DA:22,0
DA:26,0
DA:32,0
DA:37,1
DA:38,2
DA:39,2
DA:41,1
DA:43,1
DA:45,1
DA:49,1
DA:50,2
DA:51,2
DA:53,2
DA:55,2
DA:57,2
DA:59,0
DA:63,1
DA:64,2
DA:65,2
DA:67,0
DA:69,0
DA:71,0
DA:76,0
DA:77,0
DA:81,0
DA:86,2
DA:90,1
DA:91,2
DA:92,2
DA:94,2
DA:96,2
DA:100,2
DA:101,1
DA:105,1
DA:110,0
LF:43
LH:30
BRDA:13,0,0,0
BRDA:13,0,1,2
BRDA:21,1,0,0
BRDA:21,1,1,0
BRDA:76,2,0,0
BRDA:76,2,1,0
BRDA:100,3,0,1
BRDA:100,3,1,1
BRF:8
BRH:3
end_of_record
